C:\USERS\VATSALA\DESKTOP\YEAR4 SEM1\FYP\FYP_V1\FYP_V1\DEBUG\MAIN.OBJ
C:\USERS\VATSALA\DESKTOP\YEAR4 SEM1\FYP\FYP_V1\FYP_V1\DEBUG\VC110.PDB
C:\USERS\VATSALA\DESKTOP\YEAR4 SEM1\FYP\FYP_V1\DEBUG\FYP_V1.ILK
C:\USERS\VATSALA\DESKTOP\YEAR4 SEM1\FYP\FYP_V1\DEBUG\FYP_V1.EXE
C:\USERS\VATSALA\DESKTOP\YEAR4 SEM1\FYP\FYP_V1\DEBUG\FYP_V1.PDB
C:\Users\vatsala\Desktop\Year4 Sem1\FYP\FYP_v1\FYP_v1\Debug\Main.obj
C:\Users\vatsala\Desktop\Year4 Sem1\FYP\FYP_v1\FYP_v1\Debug\cl.command.1.tlog
C:\Users\vatsala\Desktop\Year4 Sem1\FYP\FYP_v1\FYP_v1\Debug\CL.read.1.tlog
C:\Users\vatsala\Desktop\Year4 Sem1\FYP\FYP_v1\FYP_v1\Debug\CL.write.1.tlog
C:\Users\vatsala\Desktop\Year4 Sem1\FYP\FYP_v1\FYP_v1\Debug\link-cvtres.read.1.tlog
C:\Users\vatsala\Desktop\Year4 Sem1\FYP\FYP_v1\FYP_v1\Debug\link-cvtres.write.1.tlog
C:\Users\vatsala\Desktop\Year4 Sem1\FYP\FYP_v1\FYP_v1\Debug\link-rc.read.1.tlog
C:\Users\vatsala\Desktop\Year4 Sem1\FYP\FYP_v1\FYP_v1\Debug\link-rc.write.1.tlog
C:\Users\vatsala\Desktop\Year4 Sem1\FYP\FYP_v1\FYP_v1\Debug\link.command.1.tlog
C:\Users\vatsala\Desktop\Year4 Sem1\FYP\FYP_v1\FYP_v1\Debug\link.read.1.tlog
C:\Users\vatsala\Desktop\Year4 Sem1\FYP\FYP_v1\FYP_v1\Debug\link.write.1.tlog
C:\Users\vatsala\Desktop\Year4 Sem1\FYP\FYP_v1\FYP_v1\Debug\vc110.idb
C:\Users\vatsala\Desktop\Year4 Sem1\FYP\FYP_v1\FYP_v1\Debug\vc110.pdb
C:\Users\vatsala\Desktop\Year4 Sem1\FYP\FYP_v1\Debug\FYP_v1.pdb
C:\Users\vatsala\Desktop\Year4 Sem1\FYP\FYP_v1\Debug\FYP_v1.exe
C:\Users\vatsala\Desktop\Year4 Sem1\FYP\FYP_v1\Debug\FYP_v1.ilk
